
Showing logs for build [32mcb-kubecd-bdd-nh-1570609673-pr-1[0m stage [32mfrom-build-pack[0m and container [32mstep-credential-initializer-xpqtx[0m
{"level":"warn","ts":1570610013.4046445,"logger":"fallback-logger","caller":"logging/config.go:69","msg":"Fetch GitHub commit ID from kodata failed: \"ref: refs/heads/master\" is not a valid GitHub commit ID"}
{"level":"info","ts":1570610013.4051516,"logger":"fallback-logger","caller":"creds-init/main.go:40","msg":"Credentials initialized."}

Showing logs for build [32mcb-kubecd-bdd-nh-1570609673-pr-1[0m stage [32mfrom-build-pack[0m and container [32mstep-working-dir-initializer-cphsd[0m
{"level":"warn","ts":1570610017.0988877,"logger":"fallback-logger","caller":"logging/config.go:69","msg":"Fetch GitHub commit ID from kodata failed: open /var/run/ko/HEAD: no such file or directory"}
{"level":"info","ts":1570610017.103249,"logger":"fallback-logger","caller":"bash/main.go:65","msg":"Successfully executed command \"mkdir -p /workspace/source /workspace/source/charts/preview\""}

Showing logs for build [32mcb-kubecd-bdd-nh-1570609673-pr-1[0m stage [32mfrom-build-pack[0m and container [32mstep-place-tools[0m

Showing logs for build [32mcb-kubecd-bdd-nh-1570609673-pr-1[0m stage [32mfrom-build-pack[0m and container [32mstep-git-source-cb-kubecd-bdd-nh-1570609673-pr-h8295[0m
{"level":"warn","ts":1570610141.6628892,"logger":"fallback-logger","caller":"logging/config.go:69","msg":"Fetch GitHub commit ID from kodata failed: \"ref: refs/heads/master\" is not a valid GitHub commit ID"}
{"level":"info","ts":1570610142.7702281,"logger":"fallback-logger","caller":"git/git.go:102","msg":"Successfully cloned https://github.com/cb-kubecd/bdd-nh-1570609673.git @ 7b9658670c784618f9d43432861342dbcf86c1e3 in path /workspace/source"}

Showing logs for build [32mcb-kubecd-bdd-nh-1570609673-pr-1[0m stage [32mfrom-build-pack[0m and container [32mstep-git-merge[0m
Using SHAs from PULL_REFS=master:de8b3994b75d3dafe89ed4741c286e7655571d26,1:7b9658670c784618f9d43432861342dbcf86c1e3
DEBUG: ran git fetch --unshallow origin 7b9658670c784618f9d43432861342dbcf86c1e3: de8b3994b75d3dafe89ed4741c286e7655571d26: in 
DEBUG: ran git checkout master in 
DEBUG: ran git reset --hard de8b3994b75d3dafe89ed4741c286e7655571d26 in 
DEBUG: ran clean --force -d . in 
DEBUG: ran git merge 7b9658670c784618f9d43432861342dbcf86c1e3 in 
Merged SHA 7b9658670c784618f9d43432861342dbcf86c1e3 with commit message 'My first PR commit' into base branch master

Showing logs for build [32mcb-kubecd-bdd-nh-1570609673-pr-1[0m stage [32mfrom-build-pack[0m and container [32mstep-build-npmrc[0m
WARNING: failed to find Secret npm-token in namespace **

Showing logs for build [32mcb-kubecd-bdd-nh-1570609673-pr-1[0m stage [32mfrom-build-pack[0m and container [32mstep-build-npm-install[0m
npm notice created a lockfile as package-lock.json. You should commit this file.
npm WARN REPLACE_ME@1.0.0 No repository field.
npm WARN REPLACE_ME@1.0.0 No license field.

up to date in 0.361s
found 0 vulnerabilities


Showing logs for build [32mcb-kubecd-bdd-nh-1570609673-pr-1[0m stage [32mfrom-build-pack[0m and container [32mstep-build-npm-test[0m

> REPLACE_ME@1.0.0 test /workspace/source
> echo "no test specified" && exit 0

no test specified

Showing logs for build [32mcb-kubecd-bdd-nh-1570609673-pr-1[0m stage [32mfrom-build-pack[0m and container [32mstep-build-container-build[0m
[36mINFO[0m[0000] Downloading base image node:9-slim           
ERROR: logging before flag.Parse: E1009 08:35:47.176909      10 metadata.go:142] while reading 'google-dockercfg' metadata: http status code: 404 while fetching url http://metadata.google.internal./computeMetadata/v1/instance/attributes/google-dockercfg
ERROR: logging before flag.Parse: E1009 08:35:47.182527      10 metadata.go:159] while reading 'google-dockercfg-url' metadata: http status code: 404 while fetching url http://metadata.google.internal./computeMetadata/v1/instance/attributes/google-dockercfg-url
2019/10/09 08:35:47 No matching credentials were found, falling back on anonymous
[36mINFO[0m[0001] Error while retrieving image from cache: getting file info: stat /workspace/sha256:0e0175bbe4f8d9d104590d8d2c591017874e30977cb71aaff1cf6fa99479575c: no such file or directory 
[36mINFO[0m[0001] Downloading base image node:9-slim           
2019/10/09 08:35:48 No matching credentials were found, falling back on anonymous
[36mINFO[0m[0002] Executing 0 build triggers                   
[36mINFO[0m[0002] cmd: EXPOSE                                  
[36mINFO[0m[0002] Adding exposed port: 8080/tcp                
[36mINFO[0m[0002] Using files from context: [/workspace/source] 
[36mINFO[0m[0002] Skipping unpacking as no commands require it. 
[36mINFO[0m[0002] Taking snapshot of full filesystem...        
[36mINFO[0m[0002] ENV PORT 8080                                
[36mINFO[0m[0002] No files changed in this command, skipping snapshotting. 
[36mINFO[0m[0002] EXPOSE 8080                                  
[36mINFO[0m[0002] cmd: EXPOSE                                  
[36mINFO[0m[0002] Adding exposed port: 8080/tcp                
[36mINFO[0m[0002] No files changed in this command, skipping snapshotting. 
[36mINFO[0m[0002] WORKDIR /usr/src/app                         
[36mINFO[0m[0002] cmd: workdir                                 
[36mINFO[0m[0002] Changed working directory to /usr/src/app    
[36mINFO[0m[0002] Creating directory /usr/src/app              
[36mINFO[0m[0002] Taking snapshot of files...                  
[36mINFO[0m[0002] Using files from context: [/workspace/source] 
[36mINFO[0m[0002] COPY . .                                     
[36mINFO[0m[0002] Taking snapshot of files...                  
[36mINFO[0m[0002] CMD ["npm", "start"]                         
[36mINFO[0m[0002] No files changed in this command, skipping snapshotting. 
2019/10/09 08:35:49 existing blob: sha256:e01bd28a434b56ffd2a3fe9aa99b9b69aecca69904843edd30b1ee7150d79904
2019/10/09 08:35:49 existing blob: sha256:5bba3ecb4cd6374a19da45f2a3db0a9c0804984358b3bb4b666c28944016e5ff
2019/10/09 08:35:49 existing blob: sha256:a88538b9cd05cfa611e43a25582a95ad7879f6fa708b0386a26b71ee62235bb3
2019/10/09 08:35:49 existing blob: sha256:196b8e3c919d5639193ba6c6e54774528942041bbc37606631a2250502985c3c
2019/10/09 08:35:49 existing blob: sha256:7d083412657baa2dafba8d093034ef26f9ed2c90fb6ed95f76bb55aff03ed429
2019/10/09 08:35:53 pushed blob: sha256:ba8a6c861ec866dc6ceca1bdffc22fe5504177dbad03436bf3de9a3b564cd416
2019/10/09 08:35:53 pushed blob: sha256:c23ae8f412daf6a2c3e9a64843f3424ad455728ca0e191744b3f5480894d9748
2019/10/09 08:35:53 pushed blob: sha256:af933642977acd97a93364e37b93819a72f82bb0245cb0164809f9138beea97b
2019/10/09 08:35:55 gcr.io/jenkins-x-bdd3/bdd-nh-1570609673:0.0.0-SNAPSHOT-PR-1-1: digest: sha256:16f4ca04e085cc4dc055b2aa326be8197173e719eb2706d9173bbd51ddeff356 size: 1404

Showing logs for build [32mcb-kubecd-bdd-nh-1570609673-pr-1[0m stage [32mfrom-build-pack[0m and container [32mstep-postbuild-post-build[0m
no CVE provider running in the current ** namespace so skip adding image to be analysed

Showing logs for build [32mcb-kubecd-bdd-nh-1570609673-pr-1[0m stage [32mfrom-build-pack[0m and container [32mstep-promote-make-preview[0m
sed -i -e "s/version:.*/version: 0.0.0-SNAPSHOT-PR-1-1/" Chart.yaml
sed -i -e "s/version:.*/version: 0.0.0-SNAPSHOT-PR-1-1/" ../*/Chart.yaml
sed -i -e "s|repository:.*|repository: gcr.io\/jenkins-x-bdd3\/bdd-nh-1570609673|" values.yaml
sed -i -e "s/tag:.*/tag: 0.0.0-SNAPSHOT-PR-1-1/" values.yaml
echo "  version: 0.0.0-SNAPSHOT-PR-1-1" >> requirements.yaml
** step helm build
WARNING: No $CHART_REPOSITORY defined so using the default value of: http://jenkins-x-chartmuseum:8080
Adding missing Helm repo: storage.googleapis.com https://storage.googleapis.com/chartmuseum.jenkins-x.io
Read credentials for https://storage.googleapis.com/chartmuseum.jenkins-x.io from vault helm/repos
Successfully added Helm repository storage.googleapis.com.
Adding missing Helm repo: jenkins-x-chartmuseum http://jenkins-x-chartmuseum:8080
Read credentials for http://jenkins-x-chartmuseum:8080 from vault helm/repos
Successfully added Helm repository jenkins-x-chartmuseum.
WARNING: No $CHART_REPOSITORY defined so using the default value of: http://jenkins-x-chartmuseum:8080
Adding missing Helm repo: chartmuseum.jenkins-x.io http://chartmuseum.jenkins-x.io
Read credentials for http://chartmuseum.jenkins-x.io from vault helm/repos
Successfully added Helm repository chartmuseum.jenkins-x.io.

Showing logs for build [32mcb-kubecd-bdd-nh-1570609673-pr-1[0m stage [32mfrom-build-pack[0m and container [32mstep-promote-jx-preview[0m
Creating a preview
WARNING: No author for commit: 7b9658670c784618f9d43432861342dbcf86c1e3
Created environment cb-kubecd-bdd-nh-1570609673-pr-1
Namespace **-cb-kubecd-bdd-nh-1570609673-pr-1 created 
expose:
  Annotations:
    helm.sh/hook: post-install,post-upgrade
    helm.sh/hook-delete-policy: hook-succeeded
  config:
    domain: 34.77.134.188.nip.io
    exposer: Ingress
    http: "true"
preview:
  image:
    repository: gcr.io/jenkins-x-bdd3/bdd-nh-1570609673
    tag: 0.0.0-SNAPSHOT-PR-1-1
Deleting and cloning the Jenkins X versions repo
Cloning the Jenkins X versions repo https://github.com/cloudbees/cloudbees-jenkins-x-versions.git with revision f29ea3881040f1633663ad7a81892fbf723cc6df to /builder/home/.**/jenkins-x-versions
From https://github.com/cloudbees/cloudbees-jenkins-x-versions
 * branch            f29ea3881040f1633663ad7a81892fbf723cc6df -> FETCH_HEAD


Updating PipelineActivities cb-kubecd-bdd-nh-1570609673-pr-1-1 which has status Running
Preview application is now available at: http://bdd-nh-1570609673.**-cb-kubecd-bdd-nh-1570609673-pr-1.34.77.134.188.nip.io
